<?xml version="1.0" encoding="UTF-8"?>
<coverage generated="1731380581048" clover="3.2.0">
  <project timestamp="1731380581048" name="All files">
    <metrics statements="16" coveredstatements="16" conditionals="6" coveredconditionals="5" methods="12" coveredmethods="12" elements="34" coveredelements="33" complexity="0" loc="16" ncloc="16" packages="1" files="4" classes="4"/>
    <file name="ContactForm.jsx" path="C:\Users\aleji\OneDrive\Documentos\ACTUALIZADO\EcoTuristea-Proyecto-React\src\components\ContactForm.jsx">
      <metrics statements="1" coveredstatements="1" conditionals="0" coveredconditionals="0" methods="1" coveredmethods="1"/>
      <line num="4" count="3" type="stmt"/>
    </file>
    <file name="ImageSlider.jsx" path="C:\Users\aleji\OneDrive\Documentos\ACTUALIZADO\EcoTuristea-Proyecto-React\src\components\ImageSlider.jsx">
      <metrics statements="7" coveredstatements="7" conditionals="4" coveredconditionals="3" methods="4" coveredmethods="4"/>
      <line num="6" count="5" type="stmt"/>
      <line num="8" count="5" type="stmt"/>
      <line num="9" count="3" type="cond" truecount="3" falsecount="1"/>
      <line num="10" count="3" type="stmt"/>
      <line num="13" count="5" type="stmt"/>
      <line num="14" count="5" type="stmt"/>
      <line num="16" count="5" type="stmt"/>
    </file>
    <file name="NavBar.jsx" path="C:\Users\aleji\OneDrive\Documentos\ACTUALIZADO\EcoTuristea-Proyecto-React\src\components\NavBar.jsx">
      <metrics statements="5" coveredstatements="5" conditionals="0" coveredconditionals="0" methods="4" coveredmethods="4"/>
      <line num="5" count="7" type="stmt"/>
      <line num="7" count="7" type="stmt"/>
      <line num="11" count="1" type="stmt"/>
      <line num="12" count="1" type="stmt"/>
      <line num="15" count="1" type="stmt"/>
    </file>
    <file name="Rating.jsx" path="C:\Users\aleji\OneDrive\Documentos\ACTUALIZADO\EcoTuristea-Proyecto-React\src\components\Rating.jsx">
      <metrics statements="3" coveredstatements="3" conditionals="2" coveredconditionals="2" methods="3" coveredmethods="3"/>
      <line num="4" count="6" type="stmt"/>
      <line num="9" count="30" type="stmt"/>
      <line num="12" count="3" type="stmt"/>
    </file>
  </project>
</coverage>
