<?xml version="1.0" encoding="UTF-8"?>
<coverage generated="1731011191747" clover="3.2.0">
  <project timestamp="1731011191748" name="All files">
    <metrics statements="8" coveredstatements="8" conditionals="2" coveredconditionals="2" methods="7" coveredmethods="7" elements="17" coveredelements="17" complexity="0" loc="8" ncloc="8" packages="1" files="3" classes="3"/>
    <file name="ContactForm.jsx" path="C:\Users\aleji\OneDrive\Documentos\PROYECTO\EcoTuristea-Proyecto-React\src\components\ContactForm.jsx">
      <metrics statements="1" coveredstatements="1" conditionals="0" coveredconditionals="0" methods="1" coveredmethods="1"/>
      <line num="4" count="3" type="stmt"/>
    </file>
    <file name="NavBar.jsx" path="C:\Users\aleji\OneDrive\Documentos\PROYECTO\EcoTuristea-Proyecto-React\src\components\NavBar.jsx">
      <metrics statements="4" coveredstatements="4" conditionals="0" coveredconditionals="0" methods="3" coveredmethods="3"/>
      <line num="5" count="6" type="stmt"/>
      <line num="7" count="6" type="stmt"/>
      <line num="11" count="1" type="stmt"/>
      <line num="12" count="1" type="stmt"/>
    </file>
    <file name="Rating.jsx" path="C:\Users\aleji\OneDrive\Documentos\PROYECTO\EcoTuristea-Proyecto-React\src\components\Rating.jsx">
      <metrics statements="3" coveredstatements="3" conditionals="2" coveredconditionals="2" methods="3" coveredmethods="3"/>
      <line num="4" count="6" type="stmt"/>
      <line num="9" count="30" type="stmt"/>
      <line num="12" count="3" type="stmt"/>
    </file>
  </project>
</coverage>
