{"C:\\Users\\aleji\\OneDrive\\Documentos\\ACTUALIZADO\\EcoTuristea-Proyecto-React\\src\\components\\ContactForm.jsx": {"path":"C:\\Users\\aleji\\OneDrive\\Documentos\\ACTUALIZADO\\EcoTuristea-Proyecto-React\\src\\components\\ContactForm.jsx","statementMap":{"0":{"start":{"line":4,"column":4},"end":{"line":46,"column":6}}},"fnMap":{"0":{"name":"ContactForm","decl":{"start":{"line":3,"column":24},"end":{"line":3,"column":35}},"loc":{"start":{"line":3,"column":38},"end":{"line":47,"column":1}},"line":3}},"branchMap":{},"s":{"0":3},"f":{"0":3},"b":{},"_coverageSchema":"1a1c01bbd47fc00a2c39e90264f33305004495a9","hash":"378e54ad7606faf8ff95a2a4f691ed3dec3d988e"}
,"C:\\Users\\aleji\\OneDrive\\Documentos\\ACTUALIZADO\\EcoTuristea-Proyecto-React\\src\\components\\ImageSlider.jsx": {"path":"C:\\Users\\aleji\\OneDrive\\Documentos\\ACTUALIZADO\\EcoTuristea-Proyecto-React\\src\\components\\ImageSlider.jsx","statementMap":{"0":{"start":{"line":6,"column":25},"end":{"line":6,"column":53}},"1":{"start":{"line":8,"column":22},"end":{"line":11,"column":5}},"2":{"start":{"line":9,"column":8},"end":{"line":9,"column":56}},"3":{"start":{"line":9,"column":49},"end":{"line":9,"column":56}},"4":{"start":{"line":10,"column":8},"end":{"line":10,"column":39}},"5":{"start":{"line":13,"column":26},"end":{"line":13,"column":77}},"6":{"start":{"line":13,"column":32},"end":{"line":13,"column":77}},"7":{"start":{"line":14,"column":26},"end":{"line":14,"column":93}},"8":{"start":{"line":14,"column":32},"end":{"line":14,"column":93}},"9":{"start":{"line":16,"column":4},"end":{"line":51,"column":6}}},"fnMap":{"0":{"name":"ImageSlider","decl":{"start":{"line":5,"column":24},"end":{"line":5,"column":35}},"loc":{"start":{"line":5,"column":79},"end":{"line":52,"column":1}},"line":5},"1":{"name":"(anonymous_1)","decl":{"start":{"line":8,"column":22},"end":{"line":8,"column":23}},"loc":{"start":{"line":8,"column":33},"end":{"line":11,"column":5}},"line":8},"2":{"name":"(anonymous_2)","decl":{"start":{"line":13,"column":26},"end":{"line":13,"column":27}},"loc":{"start":{"line":13,"column":32},"end":{"line":13,"column":77}},"line":13},"3":{"name":"(anonymous_3)","decl":{"start":{"line":14,"column":26},"end":{"line":14,"column":27}},"loc":{"start":{"line":14,"column":32},"end":{"line":14,"column":93}},"line":14}},"branchMap":{"0":{"loc":{"start":{"line":9,"column":8},"end":{"line":9,"column":56}},"type":"if","locations":[{"start":{"line":9,"column":8},"end":{"line":9,"column":56}},{"start":{},"end":{}}],"line":9},"1":{"loc":{"start":{"line":9,"column":12},"end":{"line":9,"column":47}},"type":"binary-expr","locations":[{"start":{"line":9,"column":12},"end":{"line":9,"column":21}},{"start":{"line":9,"column":25},"end":{"line":9,"column":47}}],"line":9}},"s":{"0":5,"1":5,"2":3,"3":0,"4":3,"5":5,"6":1,"7":5,"8":2,"9":5},"f":{"0":5,"1":3,"2":1,"3":2},"b":{"0":[0,3],"1":[3,3]},"_coverageSchema":"1a1c01bbd47fc00a2c39e90264f33305004495a9","hash":"c7605f00afe9d72919777d82ce583c57b233fdbc"}
,"C:\\Users\\aleji\\OneDrive\\Documentos\\ACTUALIZADO\\EcoTuristea-Proyecto-React\\src\\components\\NavBar.jsx": {"path":"C:\\Users\\aleji\\OneDrive\\Documentos\\ACTUALIZADO\\EcoTuristea-Proyecto-React\\src\\components\\NavBar.jsx","statementMap":{"0":{"start":{"line":5,"column":21},"end":{"line":5,"column":34}},"1":{"start":{"line":7,"column":4},"end":{"line":20,"column":6}},"2":{"start":{"line":11,"column":55},"end":{"line":11,"column":84}},"3":{"start":{"line":12,"column":62},"end":{"line":12,"column":88}},"4":{"start":{"line":15,"column":50},"end":{"line":15,"column":68}}},"fnMap":{"0":{"name":"NavBar","decl":{"start":{"line":4,"column":24},"end":{"line":4,"column":30}},"loc":{"start":{"line":4,"column":33},"end":{"line":21,"column":1}},"line":4},"1":{"name":"(anonymous_1)","decl":{"start":{"line":11,"column":49},"end":{"line":11,"column":50}},"loc":{"start":{"line":11,"column":55},"end":{"line":11,"column":84}},"line":11},"2":{"name":"(anonymous_2)","decl":{"start":{"line":12,"column":56},"end":{"line":12,"column":57}},"loc":{"start":{"line":12,"column":62},"end":{"line":12,"column":88}},"line":12},"3":{"name":"(anonymous_3)","decl":{"start":{"line":15,"column":44},"end":{"line":15,"column":45}},"loc":{"start":{"line":15,"column":50},"end":{"line":15,"column":68}},"line":15}},"branchMap":{},"s":{"0":7,"1":7,"2":1,"3":1,"4":1},"f":{"0":7,"1":1,"2":1,"3":1},"b":{},"_coverageSchema":"1a1c01bbd47fc00a2c39e90264f33305004495a9","hash":"faff6445e2c24d772bd349ff128dad1d118b5ade"}
,"C:\\Users\\aleji\\OneDrive\\Documentos\\ACTUALIZADO\\EcoTuristea-Proyecto-React\\src\\components\\Rating.jsx": {"path":"C:\\Users\\aleji\\OneDrive\\Documentos\\ACTUALIZADO\\EcoTuristea-Proyecto-React\\src\\components\\Rating.jsx","statementMap":{"0":{"start":{"line":4,"column":4},"end":{"line":19,"column":6}},"1":{"start":{"line":9,"column":12},"end":{"line":15,"column":19}},"2":{"start":{"line":12,"column":31},"end":{"line":12,"column":51}}},"fnMap":{"0":{"name":"Rating","decl":{"start":{"line":3,"column":24},"end":{"line":3,"column":30}},"loc":{"start":{"line":3,"column":54},"end":{"line":20,"column":1}},"line":3},"1":{"name":"(anonymous_1)","decl":{"start":{"line":8,"column":31},"end":{"line":8,"column":32}},"loc":{"start":{"line":9,"column":12},"end":{"line":15,"column":19}},"line":9},"2":{"name":"(anonymous_2)","decl":{"start":{"line":12,"column":25},"end":{"line":12,"column":26}},"loc":{"start":{"line":12,"column":31},"end":{"line":12,"column":51}},"line":12}},"branchMap":{"0":{"loc":{"start":{"line":11,"column":54},"end":{"line":11,"column":106}},"type":"cond-expr","locations":[{"start":{"line":11,"column":71},"end":{"line":11,"column":88}},{"start":{"line":11,"column":91},"end":{"line":11,"column":106}}],"line":11}},"s":{"0":6,"1":30,"2":3},"f":{"0":6,"1":30,"2":3},"b":{"0":[7,23]},"_coverageSchema":"1a1c01bbd47fc00a2c39e90264f33305004495a9","hash":"a0066d06b0b47f7cc83d3c5543dc928d007d6dbd"}
}
