{"C:\\Users\\aleji\\OneDrive\\Documentos\\PROYECTO\\EcoTuristea-Proyecto-React\\src\\components\\ContactForm.jsx": {"path":"C:\\Users\\aleji\\OneDrive\\Documentos\\PROYECTO\\EcoTuristea-Proyecto-React\\src\\components\\ContactForm.jsx","statementMap":{"0":{"start":{"line":4,"column":4},"end":{"line":46,"column":6}}},"fnMap":{"0":{"name":"ContactForm","decl":{"start":{"line":3,"column":24},"end":{"line":3,"column":35}},"loc":{"start":{"line":3,"column":38},"end":{"line":47,"column":1}},"line":3}},"branchMap":{},"s":{"0":3},"f":{"0":3},"b":{},"_coverageSchema":"1a1c01bbd47fc00a2c39e90264f33305004495a9","hash":"d1cc68b0908a78f50a10d9f92aab746728ecaaa9"}
,"C:\\Users\\aleji\\OneDrive\\Documentos\\PROYECTO\\EcoTuristea-Proyecto-React\\src\\components\\NavBar.jsx": {"path":"C:\\Users\\aleji\\OneDrive\\Documentos\\PROYECTO\\EcoTuristea-Proyecto-React\\src\\components\\NavBar.jsx","statementMap":{"0":{"start":{"line":5,"column":21},"end":{"line":5,"column":34}},"1":{"start":{"line":7,"column":4},"end":{"line":20,"column":6}},"2":{"start":{"line":11,"column":55},"end":{"line":11,"column":84}},"3":{"start":{"line":12,"column":62},"end":{"line":12,"column":88}},"4":{"start":{"line":15,"column":50},"end":{"line":15,"column":68}}},"fnMap":{"0":{"name":"NavBar","decl":{"start":{"line":4,"column":24},"end":{"line":4,"column":30}},"loc":{"start":{"line":4,"column":33},"end":{"line":21,"column":1}},"line":4},"1":{"name":"(anonymous_1)","decl":{"start":{"line":11,"column":49},"end":{"line":11,"column":50}},"loc":{"start":{"line":11,"column":55},"end":{"line":11,"column":84}},"line":11},"2":{"name":"(anonymous_2)","decl":{"start":{"line":12,"column":56},"end":{"line":12,"column":57}},"loc":{"start":{"line":12,"column":62},"end":{"line":12,"column":88}},"line":12},"3":{"name":"(anonymous_3)","decl":{"start":{"line":15,"column":44},"end":{"line":15,"column":45}},"loc":{"start":{"line":15,"column":50},"end":{"line":15,"column":68}},"line":15}},"branchMap":{},"s":{"0":7,"1":7,"2":1,"3":1,"4":1},"f":{"0":7,"1":1,"2":1,"3":1},"b":{},"_coverageSchema":"1a1c01bbd47fc00a2c39e90264f33305004495a9","hash":"303b96148055da3772f4719a843f62b108fb007d"}
,"C:\\Users\\aleji\\OneDrive\\Documentos\\PROYECTO\\EcoTuristea-Proyecto-React\\src\\components\\Rating.jsx": {"path":"C:\\Users\\aleji\\OneDrive\\Documentos\\PROYECTO\\EcoTuristea-Proyecto-React\\src\\components\\Rating.jsx","statementMap":{"0":{"start":{"line":4,"column":4},"end":{"line":19,"column":6}},"1":{"start":{"line":9,"column":12},"end":{"line":15,"column":19}},"2":{"start":{"line":12,"column":31},"end":{"line":12,"column":51}}},"fnMap":{"0":{"name":"Rating","decl":{"start":{"line":3,"column":24},"end":{"line":3,"column":30}},"loc":{"start":{"line":3,"column":54},"end":{"line":20,"column":1}},"line":3},"1":{"name":"(anonymous_1)","decl":{"start":{"line":8,"column":31},"end":{"line":8,"column":32}},"loc":{"start":{"line":9,"column":12},"end":{"line":15,"column":19}},"line":9},"2":{"name":"(anonymous_2)","decl":{"start":{"line":12,"column":25},"end":{"line":12,"column":26}},"loc":{"start":{"line":12,"column":31},"end":{"line":12,"column":51}},"line":12}},"branchMap":{"0":{"loc":{"start":{"line":11,"column":54},"end":{"line":11,"column":106}},"type":"cond-expr","locations":[{"start":{"line":11,"column":71},"end":{"line":11,"column":88}},{"start":{"line":11,"column":91},"end":{"line":11,"column":106}}],"line":11}},"s":{"0":6,"1":30,"2":3},"f":{"0":6,"1":30,"2":3},"b":{"0":[7,23]},"_coverageSchema":"1a1c01bbd47fc00a2c39e90264f33305004495a9","hash":"5bee66adde87d000c99f343283fcbcff69c5cf25"}
}
