TN:
SF:src\components\ContactForm.jsx
FN:3,ContactForm
FNF:1
FNH:1
FNDA:3,ContactForm
DA:4,3
LF:1
LH:1
BRF:0
BRH:0
end_of_record
TN:
SF:src\components\NavBar.jsx
FN:4,NavBar
FN:11,(anonymous_1)
FN:12,(anonymous_2)
FNF:3
FNH:3
FNDA:6,NavBar
FNDA:1,(anonymous_1)
FNDA:1,(anonymous_2)
DA:5,6
DA:7,6
DA:11,1
DA:12,1
LF:4
LH:4
BRF:0
BRH:0
end_of_record
TN:
SF:src\components\Rating.jsx
FN:3,Rating
FN:8,(anonymous_1)
FN:12,(anonymous_2)
FNF:3
FNH:3
FNDA:6,Rating
FNDA:30,(anonymous_1)
FNDA:3,(anonymous_2)
DA:4,6
DA:9,30
DA:12,3
LF:3
LH:3
BRDA:11,0,0,7
BRDA:11,0,1,23
BRF:2
BRH:2
end_of_record
