TN:
SF:src\components\ContactForm.jsx
FN:3,ContactForm
FNF:1
FNH:1
FNDA:3,ContactForm
DA:4,3
LF:1
LH:1
BRF:0
BRH:0
end_of_record
TN:
SF:src\components\ImageSlider.jsx
FN:5,ImageSlider
FN:8,(anonymous_1)
FN:13,(anonymous_2)
FN:14,(anonymous_3)
FNF:4
FNH:4
FNDA:5,ImageSlider
FNDA:3,(anonymous_1)
FNDA:1,(anonymous_2)
FNDA:2,(anonymous_3)
DA:6,5
DA:8,5
DA:9,3
DA:10,3
DA:13,5
DA:14,5
DA:16,5
LF:7
LH:7
BRDA:9,0,0,0
BRDA:9,0,1,3
BRDA:9,1,0,3
BRDA:9,1,1,3
BRF:4
BRH:3
end_of_record
TN:
SF:src\components\NavBar.jsx
FN:4,NavBar
FN:11,(anonymous_1)
FN:12,(anonymous_2)
FN:15,(anonymous_3)
FNF:4
FNH:4
FNDA:7,NavBar
FNDA:1,(anonymous_1)
FNDA:1,(anonymous_2)
FNDA:1,(anonymous_3)
DA:5,7
DA:7,7
DA:11,1
DA:12,1
DA:15,1
LF:5
LH:5
BRF:0
BRH:0
end_of_record
TN:
SF:src\components\Rating.jsx
FN:4,Rating
FN:7,(anonymous_1)
FN:26,(anonymous_2)
FN:30,(anonymous_3)
FNF:4
FNH:4
FNDA:6,Rating
FNDA:3,(anonymous_1)
FNDA:30,(anonymous_2)
FNDA:3,(anonymous_3)
DA:7,6
DA:8,3
DA:9,3
DA:10,3
DA:11,0
DA:13,3
DA:14,3
DA:18,6
DA:19,6
DA:22,6
DA:27,30
DA:30,3
LF:12
LH:11
BRDA:29,0,0,7
BRDA:29,0,1,23
BRF:2
BRH:2
end_of_record
TN:
SF:src\services\api.js
FN:6,(anonymous_0)
FN:15,(anonymous_1)
FNF:2
FNH:2
FNDA:2,(anonymous_0)
FNDA:2,(anonymous_1)
DA:3,2
DA:6,2
DA:7,2
DA:8,2
DA:9,1
DA:11,1
DA:15,2
DA:16,2
DA:17,2
DA:18,1
DA:20,1
DA:21,1
LF:12
LH:12
BRF:0
BRH:0
end_of_record
